<?xml version="1.0" encoding="UTF-8"?>
<testng-results ignored="0" total="1" passed="1" failed="0" skipped="0">
  <reporter-output>
  </reporter-output>
  <suite started-at="2024-04-16T11:31:14 IST" name="Default suite" finished-at="2024-04-16T11:31:46 IST" duration-ms="31417">
    <groups>
    </groups>
    <test started-at="2024-04-16T11:31:14 IST" name="Default test" finished-at="2024-04-16T11:31:46 IST" duration-ms="31417">
      <class name="organe.TestClass">
        <test-method is-config="true" signature="LaunchApp()[pri:0, instance:organe.TestClass@639c2c1d]" started-at="2024-04-16T11:31:14 IST" name="LaunchApp" finished-at="2024-04-16T11:31:36 IST" duration-ms="21105" status="PASS">
          <reporter-output>
          </reporter-output>
        </test-method> <!-- LaunchApp -->
        <test-method signature="operation()[pri:0, instance:organe.TestClass@639c2c1d]" started-at="2024-04-16T11:31:36 IST" name="operation" finished-at="2024-04-16T11:31:43 IST" duration-ms="7146" status="PASS">
          <reporter-output>
          </reporter-output>
        </test-method> <!-- operation -->
        <test-method is-config="true" signature="tearDown()[pri:0, instance:organe.TestClass@639c2c1d]" started-at="2024-04-16T11:31:43 IST" name="tearDown" finished-at="2024-04-16T11:31:46 IST" duration-ms="3108" status="PASS">
          <reporter-output>
          </reporter-output>
        </test-method> <!-- tearDown -->
      </class> <!-- organe.TestClass -->
    </test> <!-- Default test -->
  </suite> <!-- Default suite -->
</testng-results>
